2020-04-19==== [main]=== INFO === com.ityy.ApplicationTests === Starting ApplicationTests on DESKTOP-G6MOT54 with PID 10328 (started by X1YOGA in E:\WorkSpace\idea\springBoot-prj\5-springboot-slf4j)
2020-04-19==== [main]=== DEBUG=== com.ityy.ApplicationTests === Running with Spring Boot v2.2.2.RELEASE, Spring v5.2.2.RELEASE
2020-04-19==== [main]=== INFO === com.ityy.ApplicationTests === No active profile set, falling back to default profiles: default
2020-04-19==== [main]=== INFO === o.s.scheduling.concurrent.ThreadPoolTaskExecutor === Initializing ExecutorService 'applicationTaskExecutor'
2020-04-19==== [main]=== INFO === com.ityy.ApplicationTests === Started ApplicationTests in 4.202 seconds (JVM running for 6.059)
2020-04-19==== [main]=== TRACE=== com.ityy.ApplicationTests === 这是trace日志。。。。
2020-04-19==== [main]=== DEBUG=== com.ityy.ApplicationTests === 这是debug日志。。。。
2020-04-19==== [main]=== INFO === com.ityy.ApplicationTests === 这是info日志。。。。
2020-04-19==== [main]=== WARN === com.ityy.ApplicationTests === 这是warn日志。。。。
2020-04-19==== [main]=== ERROR=== com.ityy.ApplicationTests === 这是error日志。。。。
2020-04-19==== [SpringContextShutdownHook]=== INFO === o.s.scheduling.concurrent.ThreadPoolTaskExecutor === Shutting down ExecutorService 'applicationTaskExecutor'
2020-04-19==== [main]=== INFO === com.ityy.ApplicationTests === Starting ApplicationTests on DESKTOP-G6MOT54 with PID 2960 (started by X1YOGA in E:\WorkSpace\idea\springBoot-prj\5-springboot-slf4j)
2020-04-19==== [main]=== DEBUG=== com.ityy.ApplicationTests === Running with Spring Boot v2.2.2.RELEASE, Spring v5.2.2.RELEASE
2020-04-19==== [main]=== INFO === com.ityy.ApplicationTests === No active profile set, falling back to default profiles: default
2020-04-19==== [main]=== INFO === o.s.scheduling.concurrent.ThreadPoolTaskExecutor === Initializing ExecutorService 'applicationTaskExecutor'
2020-04-19==== [main]=== INFO === com.ityy.ApplicationTests === Started ApplicationTests in 3.868 seconds (JVM running for 5.626)
2020-04-19==== [main]=== TRACE=== com.ityy.ApplicationTests === 这是trace日志。。。。
2020-04-19==== [main]=== DEBUG=== com.ityy.ApplicationTests === 这是debug日志。。。。
2020-04-19==== [main]=== INFO === com.ityy.ApplicationTests === 这是info日志。。。。
2020-04-19==== [main]=== WARN === com.ityy.ApplicationTests === 这是warn日志。。。。
2020-04-19==== [main]=== ERROR=== com.ityy.ApplicationTests === 这是error日志。。。。
2020-04-19==== [SpringContextShutdownHook]=== INFO === o.s.scheduling.concurrent.ThreadPoolTaskExecutor === Shutting down ExecutorService 'applicationTaskExecutor'
